ARM GAS  C:\Users\jdrd3\AppData\Local\Temp\cchXX6Dj.s 			page 1


   1              		.syntax unified
   2              		.cpu cortex-m3
   3              		.fpu softvfp
   4              		.eabi_attribute 20, 1
   5              		.eabi_attribute 21, 1
   6              		.eabi_attribute 23, 3
   7              		.eabi_attribute 24, 1
   8              		.eabi_attribute 25, 1
   9              		.eabi_attribute 26, 1
  10              		.eabi_attribute 30, 1
  11              		.eabi_attribute 34, 1
  12              		.eabi_attribute 18, 4
  13              		.thumb
  14              		.syntax unified
  15              		.file	"main.c"
  16              		.text
  17              	.Ltext0:
  18              		.cfi_sections	.debug_frame
  19              		.section	.text.main,"ax",%progbits
  20              		.align	2
  21              		.global	main
  22              		.thumb
  23              		.thumb_func
  24              		.type	main, %function
  25              	main:
  26              	.LFB64:
  27              		.file 1 "main.c"
   1:main.c        **** /* ========================================
   2:main.c        ****  *
   3:main.c        ****  * Copyright YOUR COMPANY, THE YEAR
   4:main.c        ****  * All Rights Reserved
   5:main.c        ****  * UNPUBLISHED, LICENSED SOFTWARE.
   6:main.c        ****  *
   7:main.c        ****  * CONFIDENTIAL AND PROPRIETARY INFORMATION
   8:main.c        ****  * WHICH IS THE PROPERTY OF your company.
   9:main.c        ****  *
  10:main.c        ****  * ========================================
  11:main.c        **** */
  12:main.c        **** #include "project.h"
  13:main.c        **** #include "stdio.h"
  14:main.c        **** 
  15:main.c        **** int main(void)
  16:main.c        **** {
  28              		.loc 1 16 0
  29              		.cfi_startproc
  30              		@ Volatile: function does not return.
  31              		@ args = 0, pretend = 0, frame = 0
  32              		@ frame_needed = 0, uses_anonymous_args = 0
  33 0000 08B5     		push	{r3, lr}
  34              		.cfi_def_cfa_offset 8
  35              		.cfi_offset 3, -8
  36              		.cfi_offset 14, -4
  17:main.c        ****     LCD_Start();
  37              		.loc 1 17 0
  38 0002 FFF7FEFF 		bl	LCD_Start
  39              	.LVL0:
  18:main.c        ****     LCD_Position(0,5);
ARM GAS  C:\Users\jdrd3\AppData\Local\Temp\cchXX6Dj.s 			page 2


  40              		.loc 1 18 0
  41 0006 0521     		movs	r1, #5
  42 0008 0020     		movs	r0, #0
  43 000a FFF7FEFF 		bl	LCD_Position
  44              	.LVL1:
  19:main.c        ****     LCD_PrintString("hola");
  45              		.loc 1 19 0
  46 000e 0648     		ldr	r0, .L4
  47 0010 FFF7FEFF 		bl	LCD_PrintString
  48              	.LVL2:
  20:main.c        ****     LCD_Position(1,5);
  49              		.loc 1 20 0
  50 0014 0521     		movs	r1, #5
  51 0016 0120     		movs	r0, #1
  52 0018 FFF7FEFF 		bl	LCD_Position
  53              	.LVL3:
  21:main.c        ****     LCD_PrintString("prrosaaaaaaaaaaaaaaaaaaaa");
  54              		.loc 1 21 0
  55 001c 0348     		ldr	r0, .L4+4
  56 001e FFF7FEFF 		bl	LCD_PrintString
  57              	.LVL4:
  22:main.c        ****     
  23:main.c        ****     CyGlobalIntEnable; /* Enable global interrupts. */
  58              		.loc 1 23 0
  59              		.syntax unified
  60              	@ 23 "main.c" 1
  61 0022 62B6     		CPSIE   i
  62              	@ 0 "" 2
  63              		.thumb
  64              		.syntax unified
  65              	.L2:
  66 0024 FEE7     		b	.L2
  67              	.L5:
  68 0026 00BF     		.align	2
  69              	.L4:
  70 0028 00000000 		.word	.LC0
  71 002c 08000000 		.word	.LC1
  72              		.cfi_endproc
  73              	.LFE64:
  74              		.size	main, .-main
  75              		.section	.rodata.str1.4,"aMS",%progbits,1
  76              		.align	2
  77              	.LC0:
  78 0000 686F6C61 		.ascii	"hola\000"
  78      00
  79 0005 000000   		.space	3
  80              	.LC1:
  81 0008 7072726F 		.ascii	"prrosaaaaaaaaaaaaaaaaaaaa\000"
  81      73616161 
  81      61616161 
  81      61616161 
  81      61616161 
  82              		.text
  83              	.Letext0:
  84              		.file 2 "c:\\program files (x86)\\cypress\\psoc creator\\4.2\\psoc creator\\import\\gnu\\arm\\5.4.
  85              		.file 3 "c:\\program files (x86)\\cypress\\psoc creator\\4.2\\psoc creator\\import\\gnu\\arm\\5.4.
  86              		.file 4 "Generated_Source\\PSoC5/LCD.h"
ARM GAS  C:\Users\jdrd3\AppData\Local\Temp\cchXX6Dj.s 			page 3


  87              		.file 5 "Generated_Source\\PSoC5/core_cm3.h"
  88              		.section	.debug_info,"",%progbits
  89              	.Ldebug_info0:
  90 0000 50010000 		.4byte	0x150
  91 0004 0400     		.2byte	0x4
  92 0006 00000000 		.4byte	.Ldebug_abbrev0
  93 000a 04       		.byte	0x4
  94 000b 01       		.uleb128 0x1
  95 000c 73000000 		.4byte	.LASF19
  96 0010 0C       		.byte	0xc
  97 0011 2E000000 		.4byte	.LASF20
  98 0015 3A000000 		.4byte	.LASF21
  99 0019 00000000 		.4byte	.Ldebug_ranges0+0
 100 001d 00000000 		.4byte	0
 101 0021 00000000 		.4byte	.Ldebug_line0
 102 0025 02       		.uleb128 0x2
 103 0026 01       		.byte	0x1
 104 0027 06       		.byte	0x6
 105 0028 71010000 		.4byte	.LASF0
 106 002c 02       		.uleb128 0x2
 107 002d 01       		.byte	0x1
 108 002e 08       		.byte	0x8
 109 002f 34010000 		.4byte	.LASF1
 110 0033 02       		.uleb128 0x2
 111 0034 02       		.byte	0x2
 112 0035 05       		.byte	0x5
 113 0036 99010000 		.4byte	.LASF2
 114 003a 02       		.uleb128 0x2
 115 003b 02       		.byte	0x2
 116 003c 07       		.byte	0x7
 117 003d 0E000000 		.4byte	.LASF3
 118 0041 03       		.uleb128 0x3
 119 0042 89010000 		.4byte	.LASF9
 120 0046 02       		.byte	0x2
 121 0047 3F       		.byte	0x3f
 122 0048 4C000000 		.4byte	0x4c
 123 004c 02       		.uleb128 0x2
 124 004d 04       		.byte	0x4
 125 004e 05       		.byte	0x5
 126 004f 47010000 		.4byte	.LASF4
 127 0053 02       		.uleb128 0x2
 128 0054 04       		.byte	0x4
 129 0055 07       		.byte	0x7
 130 0056 01010000 		.4byte	.LASF5
 131 005a 02       		.uleb128 0x2
 132 005b 08       		.byte	0x8
 133 005c 05       		.byte	0x5
 134 005d 00000000 		.4byte	.LASF6
 135 0061 02       		.uleb128 0x2
 136 0062 08       		.byte	0x8
 137 0063 07       		.byte	0x7
 138 0064 13010000 		.4byte	.LASF7
 139 0068 04       		.uleb128 0x4
 140 0069 04       		.byte	0x4
 141 006a 05       		.byte	0x5
 142 006b 696E7400 		.ascii	"int\000"
 143 006f 02       		.uleb128 0x2
ARM GAS  C:\Users\jdrd3\AppData\Local\Temp\cchXX6Dj.s 			page 4


 144 0070 04       		.byte	0x4
 145 0071 07       		.byte	0x7
 146 0072 21000000 		.4byte	.LASF8
 147 0076 03       		.uleb128 0x3
 148 0077 A3010000 		.4byte	.LASF10
 149 007b 03       		.byte	0x3
 150 007c 2C       		.byte	0x2c
 151 007d 41000000 		.4byte	0x41
 152 0081 02       		.uleb128 0x2
 153 0082 04       		.byte	0x4
 154 0083 04       		.byte	0x4
 155 0084 93010000 		.4byte	.LASF11
 156 0088 02       		.uleb128 0x2
 157 0089 08       		.byte	0x8
 158 008a 04       		.byte	0x4
 159 008b 50010000 		.4byte	.LASF12
 160 008f 02       		.uleb128 0x2
 161 0090 01       		.byte	0x1
 162 0091 08       		.byte	0x8
 163 0092 42010000 		.4byte	.LASF13
 164 0096 02       		.uleb128 0x2
 165 0097 08       		.byte	0x8
 166 0098 04       		.byte	0x4
 167 0099 7D010000 		.4byte	.LASF14
 168 009d 02       		.uleb128 0x2
 169 009e 04       		.byte	0x4
 170 009f 07       		.byte	0x7
 171 00a0 AB010000 		.4byte	.LASF15
 172 00a4 05       		.uleb128 0x5
 173 00a5 35000000 		.4byte	.LASF22
 174 00a9 01       		.byte	0x1
 175 00aa 0F       		.byte	0xf
 176 00ab 68000000 		.4byte	0x68
 177 00af 00000000 		.4byte	.LFB64
 178 00b3 30000000 		.4byte	.LFE64-.LFB64
 179 00b7 01       		.uleb128 0x1
 180 00b8 9C       		.byte	0x9c
 181 00b9 21010000 		.4byte	0x121
 182 00bd 06       		.uleb128 0x6
 183 00be 06000000 		.4byte	.LVL0
 184 00c2 32010000 		.4byte	0x132
 185 00c6 07       		.uleb128 0x7
 186 00c7 0E000000 		.4byte	.LVL1
 187 00cb 3D010000 		.4byte	0x13d
 188 00cf DE000000 		.4byte	0xde
 189 00d3 08       		.uleb128 0x8
 190 00d4 01       		.uleb128 0x1
 191 00d5 50       		.byte	0x50
 192 00d6 01       		.uleb128 0x1
 193 00d7 30       		.byte	0x30
 194 00d8 08       		.uleb128 0x8
 195 00d9 01       		.uleb128 0x1
 196 00da 51       		.byte	0x51
 197 00db 01       		.uleb128 0x1
 198 00dc 35       		.byte	0x35
 199 00dd 00       		.byte	0
 200 00de 07       		.uleb128 0x7
ARM GAS  C:\Users\jdrd3\AppData\Local\Temp\cchXX6Dj.s 			page 5


 201 00df 14000000 		.4byte	.LVL2
 202 00e3 48010000 		.4byte	0x148
 203 00e7 F5000000 		.4byte	0xf5
 204 00eb 08       		.uleb128 0x8
 205 00ec 01       		.uleb128 0x1
 206 00ed 50       		.byte	0x50
 207 00ee 05       		.uleb128 0x5
 208 00ef 03       		.byte	0x3
 209 00f0 00000000 		.4byte	.LC0
 210 00f4 00       		.byte	0
 211 00f5 07       		.uleb128 0x7
 212 00f6 1C000000 		.4byte	.LVL3
 213 00fa 3D010000 		.4byte	0x13d
 214 00fe 0D010000 		.4byte	0x10d
 215 0102 08       		.uleb128 0x8
 216 0103 01       		.uleb128 0x1
 217 0104 50       		.byte	0x50
 218 0105 01       		.uleb128 0x1
 219 0106 31       		.byte	0x31
 220 0107 08       		.uleb128 0x8
 221 0108 01       		.uleb128 0x1
 222 0109 51       		.byte	0x51
 223 010a 01       		.uleb128 0x1
 224 010b 35       		.byte	0x35
 225 010c 00       		.byte	0
 226 010d 09       		.uleb128 0x9
 227 010e 22000000 		.4byte	.LVL4
 228 0112 48010000 		.4byte	0x148
 229 0116 08       		.uleb128 0x8
 230 0117 01       		.uleb128 0x1
 231 0118 50       		.byte	0x50
 232 0119 05       		.uleb128 0x5
 233 011a 03       		.byte	0x3
 234 011b 08000000 		.4byte	.LC1
 235 011f 00       		.byte	0
 236 0120 00       		.byte	0
 237 0121 0A       		.uleb128 0xa
 238 0122 64010000 		.4byte	.LASF23
 239 0126 05       		.byte	0x5
 240 0127 1207     		.2byte	0x712
 241 0129 2D010000 		.4byte	0x12d
 242 012d 0B       		.uleb128 0xb
 243 012e 76000000 		.4byte	0x76
 244 0132 0C       		.uleb128 0xc
 245 0133 2A010000 		.4byte	.LASF16
 246 0137 2A010000 		.4byte	.LASF16
 247 013b 04       		.byte	0x4
 248 013c 38       		.byte	0x38
 249 013d 0C       		.uleb128 0xc
 250 013e 57010000 		.4byte	.LASF17
 251 0142 57010000 		.4byte	.LASF17
 252 0146 04       		.byte	0x4
 253 0147 3D       		.byte	0x3d
 254 0148 0C       		.uleb128 0xc
 255 0149 B4010000 		.4byte	.LASF18
 256 014d B4010000 		.4byte	.LASF18
 257 0151 04       		.byte	0x4
ARM GAS  C:\Users\jdrd3\AppData\Local\Temp\cchXX6Dj.s 			page 6


 258 0152 3C       		.byte	0x3c
 259 0153 00       		.byte	0
 260              		.section	.debug_abbrev,"",%progbits
 261              	.Ldebug_abbrev0:
 262 0000 01       		.uleb128 0x1
 263 0001 11       		.uleb128 0x11
 264 0002 01       		.byte	0x1
 265 0003 25       		.uleb128 0x25
 266 0004 0E       		.uleb128 0xe
 267 0005 13       		.uleb128 0x13
 268 0006 0B       		.uleb128 0xb
 269 0007 03       		.uleb128 0x3
 270 0008 0E       		.uleb128 0xe
 271 0009 1B       		.uleb128 0x1b
 272 000a 0E       		.uleb128 0xe
 273 000b 55       		.uleb128 0x55
 274 000c 17       		.uleb128 0x17
 275 000d 11       		.uleb128 0x11
 276 000e 01       		.uleb128 0x1
 277 000f 10       		.uleb128 0x10
 278 0010 17       		.uleb128 0x17
 279 0011 00       		.byte	0
 280 0012 00       		.byte	0
 281 0013 02       		.uleb128 0x2
 282 0014 24       		.uleb128 0x24
 283 0015 00       		.byte	0
 284 0016 0B       		.uleb128 0xb
 285 0017 0B       		.uleb128 0xb
 286 0018 3E       		.uleb128 0x3e
 287 0019 0B       		.uleb128 0xb
 288 001a 03       		.uleb128 0x3
 289 001b 0E       		.uleb128 0xe
 290 001c 00       		.byte	0
 291 001d 00       		.byte	0
 292 001e 03       		.uleb128 0x3
 293 001f 16       		.uleb128 0x16
 294 0020 00       		.byte	0
 295 0021 03       		.uleb128 0x3
 296 0022 0E       		.uleb128 0xe
 297 0023 3A       		.uleb128 0x3a
 298 0024 0B       		.uleb128 0xb
 299 0025 3B       		.uleb128 0x3b
 300 0026 0B       		.uleb128 0xb
 301 0027 49       		.uleb128 0x49
 302 0028 13       		.uleb128 0x13
 303 0029 00       		.byte	0
 304 002a 00       		.byte	0
 305 002b 04       		.uleb128 0x4
 306 002c 24       		.uleb128 0x24
 307 002d 00       		.byte	0
 308 002e 0B       		.uleb128 0xb
 309 002f 0B       		.uleb128 0xb
 310 0030 3E       		.uleb128 0x3e
 311 0031 0B       		.uleb128 0xb
 312 0032 03       		.uleb128 0x3
 313 0033 08       		.uleb128 0x8
 314 0034 00       		.byte	0
ARM GAS  C:\Users\jdrd3\AppData\Local\Temp\cchXX6Dj.s 			page 7


 315 0035 00       		.byte	0
 316 0036 05       		.uleb128 0x5
 317 0037 2E       		.uleb128 0x2e
 318 0038 01       		.byte	0x1
 319 0039 3F       		.uleb128 0x3f
 320 003a 19       		.uleb128 0x19
 321 003b 03       		.uleb128 0x3
 322 003c 0E       		.uleb128 0xe
 323 003d 3A       		.uleb128 0x3a
 324 003e 0B       		.uleb128 0xb
 325 003f 3B       		.uleb128 0x3b
 326 0040 0B       		.uleb128 0xb
 327 0041 27       		.uleb128 0x27
 328 0042 19       		.uleb128 0x19
 329 0043 49       		.uleb128 0x49
 330 0044 13       		.uleb128 0x13
 331 0045 8701     		.uleb128 0x87
 332 0047 19       		.uleb128 0x19
 333 0048 11       		.uleb128 0x11
 334 0049 01       		.uleb128 0x1
 335 004a 12       		.uleb128 0x12
 336 004b 06       		.uleb128 0x6
 337 004c 40       		.uleb128 0x40
 338 004d 18       		.uleb128 0x18
 339 004e 9742     		.uleb128 0x2117
 340 0050 19       		.uleb128 0x19
 341 0051 01       		.uleb128 0x1
 342 0052 13       		.uleb128 0x13
 343 0053 00       		.byte	0
 344 0054 00       		.byte	0
 345 0055 06       		.uleb128 0x6
 346 0056 898201   		.uleb128 0x4109
 347 0059 00       		.byte	0
 348 005a 11       		.uleb128 0x11
 349 005b 01       		.uleb128 0x1
 350 005c 31       		.uleb128 0x31
 351 005d 13       		.uleb128 0x13
 352 005e 00       		.byte	0
 353 005f 00       		.byte	0
 354 0060 07       		.uleb128 0x7
 355 0061 898201   		.uleb128 0x4109
 356 0064 01       		.byte	0x1
 357 0065 11       		.uleb128 0x11
 358 0066 01       		.uleb128 0x1
 359 0067 31       		.uleb128 0x31
 360 0068 13       		.uleb128 0x13
 361 0069 01       		.uleb128 0x1
 362 006a 13       		.uleb128 0x13
 363 006b 00       		.byte	0
 364 006c 00       		.byte	0
 365 006d 08       		.uleb128 0x8
 366 006e 8A8201   		.uleb128 0x410a
 367 0071 00       		.byte	0
 368 0072 02       		.uleb128 0x2
 369 0073 18       		.uleb128 0x18
 370 0074 9142     		.uleb128 0x2111
 371 0076 18       		.uleb128 0x18
ARM GAS  C:\Users\jdrd3\AppData\Local\Temp\cchXX6Dj.s 			page 8


 372 0077 00       		.byte	0
 373 0078 00       		.byte	0
 374 0079 09       		.uleb128 0x9
 375 007a 898201   		.uleb128 0x4109
 376 007d 01       		.byte	0x1
 377 007e 11       		.uleb128 0x11
 378 007f 01       		.uleb128 0x1
 379 0080 31       		.uleb128 0x31
 380 0081 13       		.uleb128 0x13
 381 0082 00       		.byte	0
 382 0083 00       		.byte	0
 383 0084 0A       		.uleb128 0xa
 384 0085 34       		.uleb128 0x34
 385 0086 00       		.byte	0
 386 0087 03       		.uleb128 0x3
 387 0088 0E       		.uleb128 0xe
 388 0089 3A       		.uleb128 0x3a
 389 008a 0B       		.uleb128 0xb
 390 008b 3B       		.uleb128 0x3b
 391 008c 05       		.uleb128 0x5
 392 008d 49       		.uleb128 0x49
 393 008e 13       		.uleb128 0x13
 394 008f 3F       		.uleb128 0x3f
 395 0090 19       		.uleb128 0x19
 396 0091 3C       		.uleb128 0x3c
 397 0092 19       		.uleb128 0x19
 398 0093 00       		.byte	0
 399 0094 00       		.byte	0
 400 0095 0B       		.uleb128 0xb
 401 0096 35       		.uleb128 0x35
 402 0097 00       		.byte	0
 403 0098 49       		.uleb128 0x49
 404 0099 13       		.uleb128 0x13
 405 009a 00       		.byte	0
 406 009b 00       		.byte	0
 407 009c 0C       		.uleb128 0xc
 408 009d 2E       		.uleb128 0x2e
 409 009e 00       		.byte	0
 410 009f 3F       		.uleb128 0x3f
 411 00a0 19       		.uleb128 0x19
 412 00a1 3C       		.uleb128 0x3c
 413 00a2 19       		.uleb128 0x19
 414 00a3 6E       		.uleb128 0x6e
 415 00a4 0E       		.uleb128 0xe
 416 00a5 03       		.uleb128 0x3
 417 00a6 0E       		.uleb128 0xe
 418 00a7 3A       		.uleb128 0x3a
 419 00a8 0B       		.uleb128 0xb
 420 00a9 3B       		.uleb128 0x3b
 421 00aa 0B       		.uleb128 0xb
 422 00ab 00       		.byte	0
 423 00ac 00       		.byte	0
 424 00ad 00       		.byte	0
 425              		.section	.debug_aranges,"",%progbits
 426 0000 1C000000 		.4byte	0x1c
 427 0004 0200     		.2byte	0x2
 428 0006 00000000 		.4byte	.Ldebug_info0
ARM GAS  C:\Users\jdrd3\AppData\Local\Temp\cchXX6Dj.s 			page 9


 429 000a 04       		.byte	0x4
 430 000b 00       		.byte	0
 431 000c 0000     		.2byte	0
 432 000e 0000     		.2byte	0
 433 0010 00000000 		.4byte	.LFB64
 434 0014 30000000 		.4byte	.LFE64-.LFB64
 435 0018 00000000 		.4byte	0
 436 001c 00000000 		.4byte	0
 437              		.section	.debug_ranges,"",%progbits
 438              	.Ldebug_ranges0:
 439 0000 00000000 		.4byte	.LFB64
 440 0004 30000000 		.4byte	.LFE64
 441 0008 00000000 		.4byte	0
 442 000c 00000000 		.4byte	0
 443              		.section	.debug_line,"",%progbits
 444              	.Ldebug_line0:
 445 0000 63010000 		.section	.debug_str,"MS",%progbits,1
 445      02004801 
 445      00000201 
 445      FB0E0D00 
 445      01010101 
 446              	.LASF6:
 447 0000 6C6F6E67 		.ascii	"long long int\000"
 447      206C6F6E 
 447      6720696E 
 447      7400
 448              	.LASF3:
 449 000e 73686F72 		.ascii	"short unsigned int\000"
 449      7420756E 
 449      7369676E 
 449      65642069 
 449      6E7400
 450              	.LASF8:
 451 0021 756E7369 		.ascii	"unsigned int\000"
 451      676E6564 
 451      20696E74 
 451      00
 452              	.LASF20:
 453 002e 6D61696E 		.ascii	"main.c\000"
 453      2E6300
 454              	.LASF22:
 455 0035 6D61696E 		.ascii	"main\000"
 455      00
 456              	.LASF21:
 457 003a 433A5C55 		.ascii	"C:\\Users\\jdrd3\\Documents\\PSoC Creator\\Ejemplos"
 457      73657273 
 457      5C6A6472 
 457      64335C44 
 457      6F63756D 
 458 0068 5C4C4344 		.ascii	"\\LCD.cydsn\000"
 458      2E637964 
 458      736E00
 459              	.LASF19:
 460 0073 474E5520 		.ascii	"GNU C11 5.4.1 20160609 (release) [ARM/embedded-5-br"
 460      43313120 
 460      352E342E 
 460      31203230 
ARM GAS  C:\Users\jdrd3\AppData\Local\Temp\cchXX6Dj.s 			page 10


 460      31363036 
 461 00a6 616E6368 		.ascii	"anch revision 237715] -mcpu=cortex-m3 -mthumb -g -O"
 461      20726576 
 461      6973696F 
 461      6E203233 
 461      37373135 
 462 00d9 67202D66 		.ascii	"g -ffunction-sections -ffat-lto-objects\000"
 462      66756E63 
 462      74696F6E 
 462      2D736563 
 462      74696F6E 
 463              	.LASF5:
 464 0101 6C6F6E67 		.ascii	"long unsigned int\000"
 464      20756E73 
 464      69676E65 
 464      6420696E 
 464      7400
 465              	.LASF7:
 466 0113 6C6F6E67 		.ascii	"long long unsigned int\000"
 466      206C6F6E 
 466      6720756E 
 466      7369676E 
 466      65642069 
 467              	.LASF16:
 468 012a 4C43445F 		.ascii	"LCD_Start\000"
 468      53746172 
 468      7400
 469              	.LASF1:
 470 0134 756E7369 		.ascii	"unsigned char\000"
 470      676E6564 
 470      20636861 
 470      7200
 471              	.LASF13:
 472 0142 63686172 		.ascii	"char\000"
 472      00
 473              	.LASF4:
 474 0147 6C6F6E67 		.ascii	"long int\000"
 474      20696E74 
 474      00
 475              	.LASF12:
 476 0150 646F7562 		.ascii	"double\000"
 476      6C6500
 477              	.LASF17:
 478 0157 4C43445F 		.ascii	"LCD_Position\000"
 478      506F7369 
 478      74696F6E 
 478      00
 479              	.LASF23:
 480 0164 49544D5F 		.ascii	"ITM_RxBuffer\000"
 480      52784275 
 480      66666572 
 480      00
 481              	.LASF0:
 482 0171 7369676E 		.ascii	"signed char\000"
 482      65642063 
 482      68617200 
 483              	.LASF14:
ARM GAS  C:\Users\jdrd3\AppData\Local\Temp\cchXX6Dj.s 			page 11


 484 017d 6C6F6E67 		.ascii	"long double\000"
 484      20646F75 
 484      626C6500 
 485              	.LASF9:
 486 0189 5F5F696E 		.ascii	"__int32_t\000"
 486      7433325F 
 486      7400
 487              	.LASF11:
 488 0193 666C6F61 		.ascii	"float\000"
 488      7400
 489              	.LASF2:
 490 0199 73686F72 		.ascii	"short int\000"
 490      7420696E 
 490      7400
 491              	.LASF10:
 492 01a3 696E7433 		.ascii	"int32_t\000"
 492      325F7400 
 493              	.LASF15:
 494 01ab 73697A65 		.ascii	"sizetype\000"
 494      74797065 
 494      00
 495              	.LASF18:
 496 01b4 4C43445F 		.ascii	"LCD_PrintString\000"
 496      5072696E 
 496      74537472 
 496      696E6700 
 497              		.ident	"GCC: (GNU Tools for ARM Embedded Processors) 5.4.1 20160609 (release) [ARM/embedded-5-bran
